IQ-TREE version 3.0.1 for MacOS ARM 64-bit built Jun 30 2025
Developed by Bui Quang Minh, Thomas Wong, Nhan Ly-Trong, Huaiyan Ren
Contributed by Lam-Tung Nguyen, Dominik Schrempf, Chris Bielow,
Olga Chernomor, Michael Woodhams, Diep Thi Hoang, Heiko Schmidt

Host:    Ginas-MacBook-Pro.local (SSE4.2, 48 GB RAM)
Command: iqtree3 -s 02_france_wnv_aligned_renamed.fasta -m GTR+G
Seed:    254756 (Using SPRNG - Scalable Parallel Random Number Generator)
Time:    Fri Jan 16 16:36:17 2026
Kernel:  SSE2 - 1 threads (14 CPU cores detected)

HINT: Use -nt option to specify number of threads because your CPU has 14 cores!
HINT: -nt AUTO will automatically determine the best number of threads to use.

Reading alignment file 02_france_wnv_aligned_renamed.fasta ... Fasta format detected
Reading fasta file: done in 0.00745201 secs using 89.67% CPU
Alignment most likely contains DNA/RNA sequences
Constructing alignment: done in 0.00608683 secs using 62.97% CPU
Alignment has 62 sequences with 10302 columns, 544 distinct patterns
2205 parsimony-informative, 121 singleton sites, 7976 constant sites
                     Gap/Ambiguity  Composition  p-value
Analyzing sequences: done in 5.10216e-05 secs using 92.12% CPU
   1  OZ372082_2025-09-12    0.00%    passed     99.96%
   2  OZ372083_2025-07-23    0.00%    passed     99.97%
   3  OZ372084_2025-07-23    0.52%    passed     99.91%
   4  OZ372085_2025-08-18    3.28%    passed     99.98%
   5  OZ372086_2025-09-12    0.00%    passed     99.98%
   6  OZ372087_2025-09-12    2.05%    passed     98.66%
   7  OZ372088_2025-09-12    0.00%    passed     99.98%
   8  OZ372089_2025-08-18    0.00%    passed     99.98%
   9  OZ372090_2025-10-04    0.00%    passed     99.85%
  10  OZ313201_2025-08-06    0.00%    passed     99.77%
  11  OZ313202_2023-09-12    0.00%    passed     99.97%
  12  OZ313212_2025-08-04    0.00%    passed     99.76%
  13  OZ313260_2025-07-18    0.00%    passed     99.77%
  14  OZ313271_2025-07-26   12.42%    passed     99.87%
  15  PV246180_2023-07-17    0.00%    passed     99.95%
  16  PV246181_2023-09-27    0.00%    passed     99.98%
  17  PV246182_2023-09-23    0.00%    passed     99.97%
  18  PV246183_2023-10-03    0.00%    passed     99.97%
  19  PV246184_2023-10-03    0.00%    passed     99.97%
  20  PV246185_2023-08-14    0.00%    passed     99.96%
  21  PV246186_2023-08-11    0.00%    passed     99.80%
  22  PV246187_2023-07-03    0.00%    passed     99.94%
  23  PV054409_2023-09-15    0.00%    passed     99.77%
  24  PV054410_2023-07-27    0.00%    passed     99.97%
  25  PV054411_2023-07-27    0.00%    passed     99.97%
  26  PV054412_2023-07-17    0.00%    passed     99.97%
  27  PV054413_2023-07-17    0.00%    passed     99.97%
  28  PV054414_2023-07-31    0.00%    passed     99.97%
  29  PV054415_2023-08-27    0.00%    passed     99.97%
  30  PV054416_2024-09-12    0.00%    passed     99.95%
  31  PV054417_2024-09-12    0.00%    passed     99.90%
  32  PV054418_2024-09-17    0.00%    passed     99.93%
  33  PV054419_2024-10-04    0.00%    passed     99.93%
  34  PV054420_2024-09-11    0.00%    passed     99.96%
  35  OZ263593_2024-09-17    9.59%    passed     89.21%
  36  OZ263594_2024-09-13    0.00%    passed     99.94%
  37  OZ263595_2024-08-16    0.00%    passed     99.97%
  38  OZ263596_2024-08-30    0.00%    passed     99.97%
  39  OZ261140_2022-09-30    0.00%    passed     99.96%
  40  OZ261141_2024-09-03    0.00%    passed     99.97%
  41  OZ261142_2024-08-28    0.00%    passed     99.97%
  42  OZ261143_2024-08-23    0.00%    passed     99.93%
  43  OZ261144_2024-08-02    0.16%    passed     99.96%
  44  OZ261145_2024-08-28    0.00%    passed     99.97%
  45  OZ261146_2024-08-29    0.00%    passed     99.97%
  46  OZ261147_2024-08-23    0.00%    passed     99.93%
  47  OZ261148_2024-08-02    0.05%    passed     99.96%
  48  OZ261149_2024-08-21    0.00%    passed     99.98%
  49  PP482818_2023-08-03    0.63%    passed     99.97%
  50  PP482819_2023-08-03    0.00%    passed     99.96%
  51  PP482820_2023-08-03    0.00%    passed     99.92%
  52  PP482821_2023-07-25    6.97%    passed     92.03%
  53  PP482822_2023-07-25    2.08%    passed     99.60%
  54  PP482823_2023-07-25    4.52%    passed     96.38%
  55  PP482824_2023-07-25    1.82%    passed     99.79%
  56  PP482825_2023-08-24    9.52%    passed     84.12%
  57  PP482826_2023-08-24    2.35%    passed     99.44%
  58  MT863559_2015-10-03    0.03%    passed     69.90%
  59  MT863560_2018-09-08    0.00%    passed     99.97%
  60  MT863561_2018-10-06    0.01%    passed     99.99%
  61  DQ786572_2004-10-18    0.03%    passed     56.41%
  62  DQ786573_2004-10-21    0.03%    passed     56.41%
****  TOTAL                  0.90%  0 sequences failed composition chi2 test (p-value<5%; df=3)
NOTE: OZ313260_2025-07-18 is identical to OZ313201_2025-08-06 but kept for subsequent analysis
NOTE: PV246184_2023-10-03 is identical to PV246183_2023-10-03 but kept for subsequent analysis
NOTE: PV054411_2023-07-27 is identical to PV054410_2023-07-27 but kept for subsequent analysis
NOTE: OZ261145_2024-08-28 is identical to OZ261142_2024-08-28 but kept for subsequent analysis
NOTE: OZ261147_2024-08-23 is identical to OZ261143_2024-08-23 but kept for subsequent analysis
NOTE: DQ786573_2004-10-21 is identical to DQ786572_2004-10-18 but kept for subsequent analysis
Checking for duplicate sequences: done in 0.000159979 secs using 71.88% CPU
Identifying sites to remove: done in 0.00289679 secs using 98.25% CPU
NOTE: 3 identical sequences (see below) will be ignored for subsequent analysis
NOTE: PV054412_2023-07-17 (identical to PV054410_2023-07-27) is ignored but added at the end
NOTE: PV054413_2023-07-17 (identical to PV054410_2023-07-27) is ignored but added at the end
NOTE: PV054414_2023-07-31 (identical to PV054410_2023-07-27) is ignored but added at the end
Alignment was printed to 02_france_wnv_aligned_renamed.fasta.uniqueseq.phy

For your convenience alignment with unique sequences printed to 02_france_wnv_aligned_renamed.fasta.uniqueseq.phy

Create initial parsimony tree by phylogenetic likelihood library (PLL)... 0.003 seconds

NOTE: 4 MB RAM (0 GB) is required!
Estimate model parameters (epsilon = 0.100)
1. Initial log-likelihood: -25543.614
2. Current log-likelihood: -24984.831
3. Current log-likelihood: -24958.438
4. Current log-likelihood: -24945.379
5. Current log-likelihood: -24937.062
6. Current log-likelihood: -24931.162
7. Current log-likelihood: -24926.960
8. Current log-likelihood: -24923.643
9. Current log-likelihood: -24921.339
10. Current log-likelihood: -24919.595
11. Current log-likelihood: -24918.076
12. Current log-likelihood: -24916.972
13. Current log-likelihood: -24915.940
14. Current log-likelihood: -24915.313
15. Current log-likelihood: -24914.932
16. Current log-likelihood: -24914.570
17. Current log-likelihood: -24914.292
18. Current log-likelihood: -24913.978
19. Current log-likelihood: -24913.743
20. Current log-likelihood: -24913.627
21. Current log-likelihood: -24913.384
Optimal log-likelihood: -24913.254
Rate parameters:  A-C: 2.53701  A-G: 6.67396  A-T: 1.72927  C-G: 0.33937  C-T: 22.24851  G-T: 1.00000
Base frequencies:  A: 0.272  C: 0.227  G: 0.283  T: 0.217
Gamma shape alpha: 0.169
Parameters optimization took 21 rounds (0.606 sec)
Wrote distance file to... 
Computing ML distances based on estimated model parameters...
Calculating distance matrix: done in 0.00553894 secs using 99.19% CPU
Computing ML distances took 0.005636 sec (of wall-clock time) 0.005569 sec (of CPU time)
Setting up auxiliary I and S matrices: done in 5.29289e-05 secs using 130.4% CPU
Constructing RapidNJ tree: done in 0.000123978 secs using 171.8% CPU
Computing RapidNJ tree took 0.000199 sec (of wall-clock time) 0.000306 sec (of CPU time)
Log-likelihood of RapidNJ tree: -24958.207
--------------------------------------------------------------------
|             INITIALIZING CANDIDATE TREE SET                      |
--------------------------------------------------------------------
Generating 98 parsimony trees... 0.255 second
Computing log-likelihood of 98 initial trees ... 0.276 seconds
Current best score: -24899.160

Do NNI search on 20 best initial trees
Estimate model parameters (epsilon = 0.100)
BETTER TREE FOUND at iteration 1: -24898.404
Estimate model parameters (epsilon = 0.100)
BETTER TREE FOUND at iteration 3: -24898.299
Iteration 10 / LogL: -24898.452 / Time: 0h:0m:1s
Iteration 20 / LogL: -24898.415 / Time: 0h:0m:2s
Finish initializing candidate tree set (20)
Current best tree score: -24898.299 / CPU time: 1.417
Number of iterations: 20
--------------------------------------------------------------------
|               OPTIMIZING CANDIDATE TREE SET                      |
--------------------------------------------------------------------
Estimate model parameters (epsilon = 0.100)
BETTER TREE FOUND at iteration 27: -24898.085
Estimate model parameters (epsilon = 0.100)
BETTER TREE FOUND at iteration 30: -24897.479
Iteration 30 / LogL: -24897.479 / Time: 0h:0m:2s (0h:0m:9s left)
Iteration 40 / LogL: -24898.089 / Time: 0h:0m:3s (0h:0m:8s left)
Estimate model parameters (epsilon = 0.100)
BETTER TREE FOUND at iteration 42: -24897.435
Iteration 50 / LogL: -24897.677 / Time: 0h:0m:4s (0h:0m:8s left)
Iteration 60 / LogL: -24899.742 / Time: 0h:0m:5s (0h:0m:7s left)
Iteration 70 / LogL: -24897.572 / Time: 0h:0m:5s (0h:0m:6s left)
Iteration 80 / LogL: -24897.533 / Time: 0h:0m:6s (0h:0m:5s left)
Iteration 90 / LogL: -24897.516 / Time: 0h:0m:7s (0h:0m:4s left)
Iteration 100 / LogL: -24897.737 / Time: 0h:0m:7s (0h:0m:3s left)
Iteration 110 / LogL: -24897.716 / Time: 0h:0m:8s (0h:0m:2s left)
Iteration 120 / LogL: -24897.511 / Time: 0h:0m:9s (0h:0m:1s left)
Iteration 130 / LogL: -24897.506 / Time: 0h:0m:9s (0h:0m:0s left)
Iteration 140 / LogL: -24897.494 / Time: 0h:0m:10s (0h:0m:0s left)
TREE SEARCH COMPLETED AFTER 143 ITERATIONS / Time: 0h:0m:10s

--------------------------------------------------------------------
|                    FINALIZING TREE SEARCH                        |
--------------------------------------------------------------------
Performs final model parameters optimization
Estimate model parameters (epsilon = 0.010)
1. Initial log-likelihood: -24897.435
Optimal log-likelihood: -24897.428
Rate parameters:  A-C: 2.51307  A-G: 6.95431  A-T: 1.78013  C-G: 0.28330  C-T: 23.46896  G-T: 1.00000
Base frequencies:  A: 0.272  C: 0.227  G: 0.283  T: 0.217
Gamma shape alpha: 0.162
Parameters optimization took 1 rounds (0.013 sec)
BEST SCORE FOUND : -24897.428
Total tree length: 0.857

Total number of iterations: 143
CPU time used for tree search: 9.986 sec (0h:0m:9s)
Wall-clock time used for tree search: 10.015 sec (0h:0m:10s)
Total CPU time used: 10.666 sec (0h:0m:10s)
Total wall-clock time used: 10.699 sec (0h:0m:10s)

Analysis results written to: 
  IQ-TREE report:                02_france_wnv_aligned_renamed.fasta.iqtree
  Maximum-likelihood tree:       02_france_wnv_aligned_renamed.fasta.treefile
  Likelihood distances:          02_france_wnv_aligned_renamed.fasta.mldist
  Screen log file:               02_france_wnv_aligned_renamed.fasta.log

Date and Time: Fri Jan 16 16:36:27 2026
