IQ-TREE version 3.0.1 for MacOS ARM 64-bit built Jun 30 2025
Developed by Bui Quang Minh, Thomas Wong, Nhan Ly-Trong, Huaiyan Ren
Contributed by Lam-Tung Nguyen, Dominik Schrempf, Chris Bielow,
Olga Chernomor, Michael Woodhams, Diep Thi Hoang, Heiko Schmidt

Host:    Mac (SSE4.2, 48 GB RAM)
Command: iqtree3 -s 03b_france_wnv_filter.fasta -m GTR+G
Seed:    409370 (Using SPRNG - Scalable Parallel Random Number Generator)
Time:    Mon Jan 19 15:40:12 2026
Kernel:  SSE2 - 1 threads (14 CPU cores detected)

HINT: Use -nt option to specify number of threads because your CPU has 14 cores!
HINT: -nt AUTO will automatically determine the best number of threads to use.

Reading alignment file 03b_france_wnv_filter.fasta ... Fasta format detected
Reading fasta file: done in 0.005867 secs using 81.3% CPU
Alignment most likely contains DNA/RNA sequences
Constructing alignment: done in 0.00521302 secs using 62.11% CPU
Alignment has 57 sequences with 10302 columns, 301 distinct patterns
155 parsimony-informative, 116 singleton sites, 10031 constant sites
                     Gap/Ambiguity  Composition  p-value
Analyzing sequences: done in 2.88486e-05 secs using 62.39% CPU
   1  OZ372082_2025-09-12    0.00%    passed     99.99%
   2  OZ372083_2025-07-23    0.00%    passed     99.97%
   3  OZ372084_2025-07-23    0.52%    passed     99.89%
   4  OZ372085_2025-08-18    3.28%    passed     99.99%
   5  OZ372086_2025-09-12    0.00%    passed    100.00%
   6  OZ372087_2025-09-12    2.05%    passed     98.95%
   7  OZ372088_2025-09-12    0.00%    passed    100.00%
   8  OZ372089_2025-08-18    0.00%    passed    100.00%
   9  OZ372090_2025-10-04    0.00%    passed     99.92%
  10  OZ313201_2025-08-06    0.00%    passed     99.84%
  11  OZ313202_2023-09-12    0.00%    passed    100.00%
  12  OZ313212_2025-08-04    0.00%    passed     99.75%
  13  OZ313260_2025-07-18    0.00%    passed     99.84%
  14  OZ313271_2025-07-26   12.42%    passed     99.81%
  15  PV246180_2023-07-17    0.00%    passed     99.98%
  16  PV246181_2023-09-27    0.00%    passed     99.99%
  17  PV246182_2023-09-23    0.00%    passed    100.00%
  18  PV246183_2023-10-03    0.00%    passed     99.99%
  19  PV246184_2023-10-03    0.00%    passed     99.99%
  20  PV246185_2023-08-14    0.00%    passed     99.98%
  21  PV246186_2023-08-11    0.00%    passed     99.88%
  22  PV246187_2023-07-03    0.00%    passed     99.99%
  23  PV054410_2023-07-27    0.00%    passed     99.99%
  24  PV054411_2023-07-27    0.00%    passed     99.99%
  25  PV054412_2023-07-17    0.00%    passed     99.99%
  26  PV054413_2023-07-17    0.00%    passed     99.99%
  27  PV054414_2023-07-31    0.00%    passed     99.99%
  28  PV054415_2023-08-27    0.00%    passed    100.00%
  29  PV054416_2024-09-12    0.00%    passed     99.98%
  30  PV054417_2024-09-12    0.00%    passed     99.93%
  31  PV054418_2024-09-17    0.00%    passed     99.97%
  32  PV054419_2024-10-04    0.00%    passed     99.96%
  33  PV054420_2024-09-11    0.00%    passed     99.94%
  34  OZ263593_2024-09-17    9.59%    passed     88.38%
  35  OZ263594_2024-09-13    0.00%    passed     99.97%
  36  OZ263595_2024-08-16    0.00%    passed     99.98%
  37  OZ263596_2024-08-30    0.00%    passed     99.99%
  38  OZ261141_2024-09-03    0.00%    passed     99.98%
  39  OZ261142_2024-08-28    0.00%    passed     99.98%
  40  OZ261143_2024-08-23    0.00%    passed     99.98%
  41  OZ261144_2024-08-02    0.16%    passed     99.98%
  42  OZ261145_2024-08-28    0.00%    passed     99.98%
  43  OZ261146_2024-08-29    0.00%    passed     99.98%
  44  OZ261147_2024-08-23    0.00%    passed     99.98%
  45  OZ261148_2024-08-02    0.05%    passed     99.99%
  46  OZ261149_2024-08-21    0.00%    passed     99.98%
  47  PP482818_2023-08-03    0.63%    passed     99.99%
  48  PP482819_2023-08-03    0.00%    passed     99.99%
  49  PP482820_2023-08-03    0.00%    passed     99.97%
  50  PP482821_2023-07-25    6.97%    passed     91.77%
  51  PP482822_2023-07-25    2.08%    passed     99.83%
  52  PP482823_2023-07-25    4.52%    passed     96.40%
  53  PP482824_2023-07-25    1.82%    passed     99.93%
  54  PP482825_2023-08-24    9.52%    passed     83.33%
  55  PP482826_2023-08-24    2.35%    passed     99.68%
  56  MT863560_2018-09-08    0.00%    passed     99.93%
  57  MT863561_2018-10-06    0.01%    passed    100.00%
****  TOTAL                  0.98%  0 sequences failed composition chi2 test (p-value<5%; df=3)
NOTE: OZ313260_2025-07-18 is identical to OZ313201_2025-08-06 but kept for subsequent analysis
NOTE: PV246184_2023-10-03 is identical to PV246183_2023-10-03 but kept for subsequent analysis
NOTE: PV054411_2023-07-27 is identical to PV054410_2023-07-27 but kept for subsequent analysis
NOTE: OZ261145_2024-08-28 is identical to OZ261142_2024-08-28 but kept for subsequent analysis
NOTE: OZ261147_2024-08-23 is identical to OZ261143_2024-08-23 but kept for subsequent analysis
Checking for duplicate sequences: done in 0.000108004 secs using 64.81% CPU
Identifying sites to remove: done in 0.00259519 secs using 98.61% CPU
NOTE: 3 identical sequences (see below) will be ignored for subsequent analysis
NOTE: PV054412_2023-07-17 (identical to PV054410_2023-07-27) is ignored but added at the end
NOTE: PV054413_2023-07-17 (identical to PV054410_2023-07-27) is ignored but added at the end
NOTE: PV054414_2023-07-31 (identical to PV054410_2023-07-27) is ignored but added at the end
Alignment was printed to 03b_france_wnv_filter.fasta.uniqueseq.phy

For your convenience alignment with unique sequences printed to 03b_france_wnv_filter.fasta.uniqueseq.phy

Create initial parsimony tree by phylogenetic likelihood library (PLL)... 0.001 seconds

NOTE: 2 MB RAM (0 GB) is required!
Estimate model parameters (epsilon = 0.100)
1. Initial log-likelihood: -16921.220
2. Current log-likelihood: -16699.178
3. Current log-likelihood: -16660.909
Optimal log-likelihood: -16660.893
Rate parameters:  A-C: 1.05090  A-G: 12.52893  A-T: 1.66854  C-G: 0.13653  C-T: 32.58702  G-T: 1.00000
Base frequencies:  A: 0.272  C: 0.228  G: 0.283  T: 0.217
Gamma shape alpha: 0.020
Parameters optimization took 3 rounds (0.086 sec)
Wrote distance file to... 
Computing ML distances based on estimated model parameters...
Calculating distance matrix: done in 0.00628996 secs using 99.76% CPU
Computing ML distances took 0.006587 sec (of wall-clock time) 0.006324 sec (of CPU time)
Setting up auxiliary I and S matrices: done in 4.69685e-05 secs using 132% CPU
Constructing RapidNJ tree: done in 0.000112772 secs using 174.7% CPU
Computing RapidNJ tree took 0.000184 sec (of wall-clock time) 0.000283 sec (of CPU time)
Log-likelihood of RapidNJ tree: -16669.334
--------------------------------------------------------------------
|             INITIALIZING CANDIDATE TREE SET                      |
--------------------------------------------------------------------
Generating 98 parsimony trees... 0.090 second
Computing log-likelihood of 98 initial trees ... 0.144 seconds
Current best score: -16660.862

Do NNI search on 20 best initial trees
Estimate model parameters (epsilon = 0.100)
BETTER TREE FOUND at iteration 1: -16660.859
BETTER TREE FOUND at iteration 2: -16660.859
BETTER TREE FOUND at iteration 3: -16660.859
BETTER TREE FOUND at iteration 4: -16660.858
Iteration 10 / LogL: -16660.859 / Time: 0h:0m:0s
Iteration 20 / LogL: -16660.889 / Time: 0h:0m:0s
Finish initializing candidate tree set (20)
Current best tree score: -16660.858 / CPU time: 0.511
Number of iterations: 20
--------------------------------------------------------------------
|               OPTIMIZING CANDIDATE TREE SET                      |
--------------------------------------------------------------------
Iteration 30 / LogL: -16660.975 / Time: 0h:0m:0s (0h:0m:2s left)
Iteration 40 / LogL: -16660.942 / Time: 0h:0m:1s (0h:0m:1s left)
Iteration 50 / LogL: -16660.925 / Time: 0h:0m:1s (0h:0m:1s left)
Iteration 60 / LogL: -16690.462 / Time: 0h:0m:1s (0h:0m:1s left)
Iteration 70 / LogL: -16661.001 / Time: 0h:0m:2s (0h:0m:0s left)
Iteration 80 / LogL: -16660.983 / Time: 0h:0m:2s (0h:0m:0s left)
Iteration 90 / LogL: -16661.037 / Time: 0h:0m:2s (0h:0m:0s left)
Iteration 100 / LogL: -16660.921 / Time: 0h:0m:2s (0h:0m:0s left)
TREE SEARCH COMPLETED AFTER 105 ITERATIONS / Time: 0h:0m:3s

--------------------------------------------------------------------
|                    FINALIZING TREE SEARCH                        |
--------------------------------------------------------------------
Performs final model parameters optimization
Estimate model parameters (epsilon = 0.010)
1. Initial log-likelihood: -16660.858
Optimal log-likelihood: -16660.856
Rate parameters:  A-C: 1.06463  A-G: 12.52878  A-T: 1.64998  C-G: 0.13986  C-T: 32.58872  G-T: 1.00000
Base frequencies:  A: 0.272  C: 0.228  G: 0.283  T: 0.217
Gamma shape alpha: 0.020
Parameters optimization took 1 rounds (0.011 sec)
BEST SCORE FOUND : -16660.856
Total tree length: 0.029

Total number of iterations: 105
CPU time used for tree search: 2.895 sec (0h:0m:2s)
Wall-clock time used for tree search: 2.910 sec (0h:0m:2s)
Total CPU time used: 3.006 sec (0h:0m:3s)
Total wall-clock time used: 3.029 sec (0h:0m:3s)

Analysis results written to: 
  IQ-TREE report:                03b_france_wnv_filter.fasta.iqtree
  Maximum-likelihood tree:       03b_france_wnv_filter.fasta.treefile
  Likelihood distances:          03b_france_wnv_filter.fasta.mldist
  Screen log file:               03b_france_wnv_filter.fasta.log

Date and Time: Mon Jan 19 15:40:15 2026
